{
  "stats": {
    "suites": 3,
    "tests": 6,
    "passes": 6,
    "pending": 0,
    "failures": 0,
    "start": "2023-05-20T14:04:16.819Z",
    "end": "2023-05-20T14:05:00.942Z",
    "duration": 44123,
    "testsRegistered": 6,
    "passPercent": 100,
    "pendingPercent": 0,
    "other": 0,
    "hasOther": false,
    "skipped": 0,
    "hasSkipped": false
  },
  "results": [
    {
      "uuid": "cba8df0c-7894-4e84-96b1-19b7b2001d86",
      "title": "",
      "fullFile": "cypress/integration/modulo4.cy.js",
      "file": "cypress/integration/modulo4.cy.js",
      "beforeHooks": [],
      "afterHooks": [],
      "tests": [],
      "suites": [
        {
          "uuid": "b59bd695-fe0c-452f-ad4b-a6b05f0ceec2",
          "title": "Validar funcionamento da aba de Novidades do site",
          "fullFile": "",
          "file": "",
          "beforeHooks": [],
          "afterHooks": [],
          "tests": [
            {
              "title": "Deve incluir item no carrinho",
              "fullTitle": "Validar funcionamento da aba de Novidades do site Deve incluir item no carrinho",
              "timedOut": null,
              "duration": 872,
              "state": "passed",
              "speed": "fast",
              "pass": true,
              "fail": false,
              "pending": false,
              "context": null,
              "code": "cy.incluirNoCarrinho();\ncy.botãoFirstItem().should('contain', 'PAGAMENTO');",
              "err": {},
              "uuid": "ffb686f2-b1a1-49fb-b5ac-4da44c50d66e",
              "parentUUID": "b59bd695-fe0c-452f-ad4b-a6b05f0ceec2",
              "isHook": false,
              "skipped": false
            }
          ],
          "suites": [],
          "passes": [
            "ffb686f2-b1a1-49fb-b5ac-4da44c50d66e"
          ],
          "failures": [],
          "pending": [],
          "skipped": [],
          "duration": 872,
          "root": false,
          "rootEmpty": false,
          "_timeout": 2000
        },
        {
          "uuid": "c383f62f-1531-4e69-bc0d-e8ad7408b2eb",
          "title": "Realizar login e cadastro",
          "fullFile": "",
          "file": "",
          "beforeHooks": [],
          "afterHooks": [],
          "tests": [
            {
              "title": "Devo realizar login com dados corretos",
              "fullTitle": "Realizar login e cadastro Devo realizar login com dados corretos",
              "timedOut": null,
              "duration": 3340,
              "state": "passed",
              "speed": "fast",
              "pass": true,
              "fail": false,
              "pending": false,
              "context": null,
              "code": "cy.realizarLogin('tomsmith');\ncy.loginRealizadoComSucesso();",
              "err": {},
              "uuid": "35e86814-d281-4eb0-a682-662849029fa3",
              "parentUUID": "c383f62f-1531-4e69-bc0d-e8ad7408b2eb",
              "isHook": false,
              "skipped": false
            },
            {
              "title": "Realizar cadastro no site",
              "fullTitle": "Realizar login e cadastro Realizar cadastro no site",
              "timedOut": null,
              "duration": 26528,
              "state": "passed",
              "speed": "slow",
              "pass": true,
              "fail": false,
              "pending": false,
              "context": null,
              "code": "cy.visit('https://signup.heroku.com/login'); // cy.clock()\ncy.wait(2000);\ncy.get('#onetrust-accept-btn-handler').click();\ncy.contains('First name').type('Karol');\ncy.get('#first_name').clear();\ncy.contains('First name').type('Karol');\ncy.xpath('//*[@id=\"last_name\"]').type('Santos');\ncy.get('#email').type('karol@mentorama.com');\ncy.get('#company').type('Mentorama');\ncy.get('[style=\"width: 304px; height: 78px;\"] > div > iframe').click();\ncy.get('#role').select(3);\ncy.get('#self_declared_country').select('Brazil');\ncy.xpath('//*[@id=\"main_programming_language\"]').select(2);\ncy.get(':nth-child(14) > .btn').click();\ncy.get('.signup > :nth-child(1)').should('be.visible'); // cy.tick(3000)",
              "err": {},
              "uuid": "24bd072b-4966-49a5-8e19-535f03238e08",
              "parentUUID": "c383f62f-1531-4e69-bc0d-e8ad7408b2eb",
              "isHook": false,
              "skipped": false
            }
          ],
          "suites": [],
          "passes": [
            "35e86814-d281-4eb0-a682-662849029fa3",
            "24bd072b-4966-49a5-8e19-535f03238e08"
          ],
          "failures": [],
          "pending": [],
          "skipped": [],
          "duration": 29868,
          "root": false,
          "rootEmpty": false,
          "_timeout": 2000
        },
        {
          "uuid": "b04bf72d-1181-4a44-bdec-5da880c2a490",
          "title": "Validar push e popup de confirmacoes",
          "fullFile": "",
          "file": "",
          "beforeHooks": [],
          "afterHooks": [],
          "tests": [
            {
              "title": "Devo esconder elemento",
              "fullTitle": "Validar push e popup de confirmacoes Devo esconder elemento",
              "timedOut": null,
              "duration": 673,
              "state": "passed",
              "speed": "fast",
              "pass": true,
              "fail": false,
              "pending": false,
              "context": null,
              "code": "cy.visit('http://the-internet.herokuapp.com/disappearing_elements');\ncy.get(':nth-child(1) > a').invoke('hide');\ncy.get(':nth-child(1) > a').should('not.be.visible');",
              "err": {},
              "uuid": "f8073cb1-1905-4963-baed-ec5cb54206bf",
              "parentUUID": "b04bf72d-1181-4a44-bdec-5da880c2a490",
              "isHook": false,
              "skipped": false
            },
            {
              "title": "Devo aceitar pop-up",
              "fullTitle": "Validar push e popup de confirmacoes Devo aceitar pop-up",
              "timedOut": null,
              "duration": 749,
              "state": "passed",
              "speed": "fast",
              "pass": true,
              "fail": false,
              "pending": false,
              "context": null,
              "code": "cy.visit('http://the-internet.herokuapp.com/javascript_alerts');\ncy.get(':nth-child(2) > button').click();\ncy.get('#result').should('contain', 'You clicked: Ok');",
              "err": {},
              "uuid": "9dd11cc2-943e-4e92-bc75-0dc2d02b075a",
              "parentUUID": "b04bf72d-1181-4a44-bdec-5da880c2a490",
              "isHook": false,
              "skipped": false
            },
            {
              "title": "Devo visualizar push de alerta",
              "fullTitle": "Validar push e popup de confirmacoes Devo visualizar push de alerta",
              "timedOut": null,
              "duration": 713,
              "state": "passed",
              "speed": "fast",
              "pass": true,
              "fail": false,
              "pending": false,
              "context": null,
              "code": "cy.visit('http://the-internet.herokuapp.com/javascript_alerts');\ncy.get(':nth-child(1) > button').click();",
              "err": {},
              "uuid": "1e94f326-7a17-4579-b2b2-35deed9b45b6",
              "parentUUID": "b04bf72d-1181-4a44-bdec-5da880c2a490",
              "isHook": false,
              "skipped": false
            }
          ],
          "suites": [],
          "passes": [
            "f8073cb1-1905-4963-baed-ec5cb54206bf",
            "9dd11cc2-943e-4e92-bc75-0dc2d02b075a",
            "1e94f326-7a17-4579-b2b2-35deed9b45b6"
          ],
          "failures": [],
          "pending": [],
          "skipped": [],
          "duration": 2135,
          "root": false,
          "rootEmpty": false,
          "_timeout": 2000
        }
      ],
      "passes": [],
      "failures": [],
      "pending": [],
      "skipped": [],
      "duration": 0,
      "root": true,
      "rootEmpty": true,
      "_timeout": 2000
    }
  ],
  "meta": {
    "mocha": {
      "version": "7.0.1"
    },
    "mochawesome": {
      "options": {
        "quiet": false,
        "reportFilename": "mochawesome",
        "saveHtml": false,
        "saveJson": true,
        "consoleReporter": "spec",
        "useInlineDiffs": false,
        "code": true
      },
      "version": "7.1.3"
    },
    "marge": {
      "options": {
        "reportDir": "cypress/results",
        "overwrite": false,
        "html": false,
        "video": true,
        "json": true
      },
      "version": "6.2.0"
    }
  }
}