{
  "stats": {
    "suites": 2,
    "tests": 3,
    "passes": 2,
    "pending": 0,
    "failures": 1,
    "start": "2023-05-20T14:03:24.765Z",
    "end": "2023-05-20T14:03:59.711Z",
    "duration": 34946,
    "testsRegistered": 3,
    "passPercent": 66.66666666666666,
    "pendingPercent": 0,
    "other": 0,
    "hasOther": false,
    "skipped": 0,
    "hasSkipped": false
  },
  "results": [
    {
      "uuid": "470273c8-0f7e-4e87-8c62-24d5ead43f39",
      "title": "",
      "fullFile": "cypress/integration/modulo3.cy.js",
      "file": "cypress/integration/modulo3.cy.js",
      "beforeHooks": [],
      "afterHooks": [],
      "tests": [],
      "suites": [
        {
          "uuid": "9ab152a6-7df1-4448-88c4-9c246af49bda",
          "title": "Validar funcionamento do formulário",
          "fullFile": "",
          "file": "",
          "beforeHooks": [],
          "afterHooks": [],
          "tests": [
            {
              "title": "Realizar cadastro no site",
              "fullTitle": "Validar funcionamento do formulário Realizar cadastro no site",
              "timedOut": null,
              "duration": 20713,
              "state": "passed",
              "speed": "slow",
              "pass": true,
              "fail": false,
              "pending": false,
              "context": null,
              "code": "cy.get('#onetrust-accept-btn-handler').click();\ncy.contains('First name').type('Karol');\ncy.get('#first_name').clear();\ncy.contains('First name').type('Karol');\ncy.xpath('//*[@id=\"last_name\"]').type('Santos');\ncy.get('#email').type('karol@mentorama.com');\ncy.get('#company').type('Mentorama');\ncy.get('[style=\"width: 304px; height: 78px;\"] > div > iframe').click();\ncy.get('#role').select(3);\ncy.get('#self_declared_country').select('Brazil');\ncy.xpath('//*[@id=\"main_programming_language\"]').select(2);\ncy.get(':nth-child(14) > .btn').click();\ncy.get('.signup > :nth-child(1)').should('be.visible');",
              "err": {},
              "uuid": "17449e7c-9938-4459-bb82-3296a974eebf",
              "parentUUID": "9ab152a6-7df1-4448-88c4-9c246af49bda",
              "isHook": false,
              "skipped": false
            }
          ],
          "suites": [],
          "passes": [
            "17449e7c-9938-4459-bb82-3296a974eebf"
          ],
          "failures": [],
          "pending": [],
          "skipped": [],
          "duration": 20713,
          "root": false,
          "rootEmpty": false,
          "_timeout": 2000
        },
        {
          "uuid": "fcb45689-243c-498a-85a5-a17c94f04017",
          "title": "Realizar validações de campos mais distintos",
          "fullFile": "",
          "file": "",
          "beforeHooks": [],
          "afterHooks": [],
          "tests": [
            {
              "title": "Testando check",
              "fullTitle": "Realizar validações de campos mais distintos Testando check",
              "timedOut": null,
              "duration": 2273,
              "state": "passed",
              "speed": "fast",
              "pass": true,
              "fail": false,
              "pending": false,
              "context": null,
              "code": "cy.visit('http://the-internet.herokuapp.com/checkboxes');\ncy.xpath('//*[@id=\"checkboxes\"]/input[1]').check().should('be.checked');\ncy.xpath('//*[@id=\"checkboxes\"]/input[2]').uncheck().should('not.be.checked');\ncy.url().should('be.equal', 'http://the-internet.herokuapp.com/checkboxes');",
              "err": {},
              "uuid": "a43ef62f-dbf3-4ed0-97f7-020137577fc3",
              "parentUUID": "fcb45689-243c-498a-85a5-a17c94f04017",
              "isHook": false,
              "skipped": false
            },
            {
              "title": "Upload de arquivos",
              "fullTitle": "Realizar validações de campos mais distintos Upload de arquivos",
              "timedOut": null,
              "duration": 1673,
              "state": "failed",
              "speed": null,
              "pass": false,
              "fail": true,
              "pending": false,
              "context": null,
              "code": "cy.visit('http://the-internet.herokuapp.com/upload');\ncy.get('#file-upload').selectFile('cypress/fixtures/example.json');\ncy.get('#file-submit').click();\ncy.get('h3').should('be.visible');\ncy.xpath('//*[@id=\"uploaded-files\"]').should('contain', 'example.json');",
              "err": {
                "message": "CypressError: `cy.selectFile(\"cypress/fixtures/example.json\")` failed because the file does not exist at the following path:\n\n`/Users/karolsantos/mentorama_modulos/cypress/fixtures/example.json`\n\nhttps://on.cypress.io/selectfile",
                "estack": "CypressError: `cy.selectFile(\"cypress/fixtures/example.json\")` failed because the file does not exist at the following path:\n\n`/Users/karolsantos/mentorama_modulos/cypress/fixtures/example.json`\n\nhttps://on.cypress.io/selectfile\n    at http://the-internet.herokuapp.com/__cypress/runner/cypress_runner.js:158224:78\n    at tryCatcher (http://the-internet.herokuapp.com/__cypress/runner/cypress_runner.js:13022:23)\n    at Promise._settlePromiseFromHandler (http://the-internet.herokuapp.com/__cypress/runner/cypress_runner.js:10957:31)\n    at Promise._settlePromise (http://the-internet.herokuapp.com/__cypress/runner/cypress_runner.js:11014:18)\n    at Promise._settlePromise0 (http://the-internet.herokuapp.com/__cypress/runner/cypress_runner.js:11059:10)\n    at Promise._settlePromises (http://the-internet.herokuapp.com/__cypress/runner/cypress_runner.js:11135:18)\n    at _drainQueueStep (http://the-internet.herokuapp.com/__cypress/runner/cypress_runner.js:7729:12)\n    at _drainQueue (http://the-internet.herokuapp.com/__cypress/runner/cypress_runner.js:7722:9)\n    at Async.../../node_modules/bluebird/js/release/async.js.Async._drainQueues (http://the-internet.herokuapp.com/__cypress/runner/cypress_runner.js:7738:5)\n    at Async.drainQueues (http://the-internet.herokuapp.com/__cypress/runner/cypress_runner.js:7608:14)\nFrom Your Spec Code:\n    at Context.eval (http://the-internet.herokuapp.com/__cypress/tests?p=cypress/integration/modulo3.cy.js:130:28)",
                "diff": null
              },
              "uuid": "8b4bbae2-b3f1-4daf-90e7-0f48396d9760",
              "parentUUID": "fcb45689-243c-498a-85a5-a17c94f04017",
              "isHook": false,
              "skipped": false
            }
          ],
          "suites": [],
          "passes": [
            "a43ef62f-dbf3-4ed0-97f7-020137577fc3"
          ],
          "failures": [
            "8b4bbae2-b3f1-4daf-90e7-0f48396d9760"
          ],
          "pending": [],
          "skipped": [],
          "duration": 3946,
          "root": false,
          "rootEmpty": false,
          "_timeout": 2000
        }
      ],
      "passes": [],
      "failures": [],
      "pending": [],
      "skipped": [],
      "duration": 0,
      "root": true,
      "rootEmpty": true,
      "_timeout": 2000
    }
  ],
  "meta": {
    "mocha": {
      "version": "7.0.1"
    },
    "mochawesome": {
      "options": {
        "quiet": false,
        "reportFilename": "mochawesome",
        "saveHtml": false,
        "saveJson": true,
        "consoleReporter": "spec",
        "useInlineDiffs": false,
        "code": true
      },
      "version": "7.1.3"
    },
    "marge": {
      "options": {
        "reportDir": "cypress/results",
        "overwrite": false,
        "html": false,
        "video": true,
        "json": true
      },
      "version": "6.2.0"
    }
  }
}